[2019-05-07 09:05:46.325] [exthost] [info] extension host started
[2019-05-07 09:05:46.367] [exthost] [info] ExtensionService#_doActivateExtension vscode.debug-auto-launch {"startup":true,"activationEvent":"*"}
[2019-05-07 09:05:46.367] [exthost] [info] ExtensionService#loadCommonJSModule /usr/share/code/resources/app/extensions/debug-auto-launch/dist/extension
[2019-05-07 09:05:46.440] [exthost] [info] ExtensionService#_doActivateExtension vscode.emmet {"startup":true,"activationEvent":"*"}
[2019-05-07 09:05:46.440] [exthost] [info] ExtensionService#loadCommonJSModule /usr/share/code/resources/app/extensions/emmet/dist/extension
[2019-05-07 09:05:46.497] [exthost] [info] ExtensionService#_doActivateExtension vscode.git {"startup":true,"activationEvent":"*"}
[2019-05-07 09:05:46.497] [exthost] [info] ExtensionService#loadCommonJSModule /usr/share/code/resources/app/extensions/git/dist/main
[2019-05-07 09:05:46.720] [exthost] [info] ExtensionService#_doActivateExtension vscode.merge-conflict {"startup":true,"activationEvent":"*"}
[2019-05-07 09:05:46.720] [exthost] [info] ExtensionService#loadCommonJSModule /usr/share/code/resources/app/extensions/merge-conflict/dist/extension
[2019-05-07 09:05:46.849] [exthost] [info] ExtensionService#_doActivateExtension PKief.material-icon-theme {"startup":true,"activationEvent":"*"}
[2019-05-07 09:05:46.849] [exthost] [info] ExtensionService#loadCommonJSModule /home/h3s-dev/.vscode/extensions/pkief.material-icon-theme-3.7.0/dist/extension
[2019-05-07 09:05:46.986] [exthost] [info] ExtensionService#_doActivateExtension ritwickdey.LiveServer {"startup":true,"activationEvent":"*"}
[2019-05-07 09:05:46.986] [exthost] [info] ExtensionService#loadCommonJSModule /home/h3s-dev/.vscode/extensions/ritwickdey.liveserver-5.6.1/out/src/extension
[2019-05-07 09:05:48.421] [exthost] [info] eager extensions activated
[2019-05-07 09:05:50.180] [exthost] [info] ExtensionService#_doActivateExtension vscode.configuration-editing {"startup":false,"activationEvent":"onLanguage:jsonc"}
[2019-05-07 09:05:50.180] [exthost] [info] ExtensionService#loadCommonJSModule /usr/share/code/resources/app/extensions/configuration-editing/dist/extension
[2019-05-07 09:05:50.252] [exthost] [info] ExtensionService#_doActivateExtension vscode.json-language-features {"startup":false,"activationEvent":"onLanguage:jsonc"}
[2019-05-07 09:05:50.252] [exthost] [info] ExtensionService#loadCommonJSModule /usr/share/code/resources/app/extensions/json-language-features/client/dist/jsonMain
[2019-05-07 09:05:50.481] [exthost] [info] ExtensionService#_doActivateExtension vscode.typescript-language-features {"startup":false,"activationEvent":"onLanguage:jsonc"}
[2019-05-07 09:05:50.482] [exthost] [info] ExtensionService#loadCommonJSModule /usr/share/code/resources/app/extensions/typescript-language-features/dist/extension
[2019-05-07 09:06:19.765] [exthost] [info] extension host started
[2019-05-07 09:06:19.793] [exthost] [info] ExtensionService#_doActivateExtension vscode.debug-auto-launch {"startup":true,"activationEvent":"*"}
[2019-05-07 09:06:19.793] [exthost] [info] ExtensionService#loadCommonJSModule /usr/share/code/resources/app/extensions/debug-auto-launch/dist/extension
[2019-05-07 09:06:19.802] [exthost] [info] ExtensionService#_doActivateExtension vscode.emmet {"startup":true,"activationEvent":"*"}
[2019-05-07 09:06:19.802] [exthost] [info] ExtensionService#loadCommonJSModule /usr/share/code/resources/app/extensions/emmet/dist/extension
[2019-05-07 09:06:19.831] [exthost] [info] ExtensionService#_doActivateExtension vscode.git {"startup":true,"activationEvent":"*"}
[2019-05-07 09:06:19.831] [exthost] [info] ExtensionService#loadCommonJSModule /usr/share/code/resources/app/extensions/git/dist/main
[2019-05-07 09:06:20.006] [exthost] [info] ExtensionService#_doActivateExtension vscode.merge-conflict {"startup":true,"activationEvent":"*"}
[2019-05-07 09:06:20.006] [exthost] [info] ExtensionService#loadCommonJSModule /usr/share/code/resources/app/extensions/merge-conflict/dist/extension
[2019-05-07 09:06:20.016] [exthost] [info] ExtensionService#_doActivateExtension PKief.material-icon-theme {"startup":true,"activationEvent":"*"}
[2019-05-07 09:06:20.016] [exthost] [info] ExtensionService#loadCommonJSModule /home/h3s-dev/.vscode/extensions/pkief.material-icon-theme-3.7.0/dist/extension
[2019-05-07 09:06:20.048] [exthost] [info] ExtensionService#_doActivateExtension ritwickdey.LiveServer {"startup":true,"activationEvent":"*"}
[2019-05-07 09:06:20.048] [exthost] [info] ExtensionService#loadCommonJSModule /home/h3s-dev/.vscode/extensions/ritwickdey.liveserver-5.6.1/out/src/extension
[2019-05-07 09:06:20.461] [exthost] [info] eager extensions activated
[2019-05-07 09:13:44.232] [exthost] [info] ExtensionService#_doActivateExtension vscode.css-language-features {"startup":false,"activationEvent":"onLanguage:css"}
[2019-05-07 09:13:44.232] [exthost] [info] ExtensionService#loadCommonJSModule /usr/share/code/resources/app/extensions/css-language-features/client/dist/cssMain
[2019-05-07 09:13:57.941] [exthost] [info] ExtensionService#_doActivateExtension vscode.html-language-features {"startup":false,"activationEvent":"onLanguage:html"}
[2019-05-07 09:13:57.941] [exthost] [info] ExtensionService#loadCommonJSModule /usr/share/code/resources/app/extensions/html-language-features/client/dist/htmlMain
[2019-05-07 09:36:15.079] [exthost] [info] ExtensionService#_doActivateExtension vscode.typescript-language-features {"startup":false,"activationEvent":"onLanguage:javascript"}
[2019-05-07 09:36:15.079] [exthost] [info] ExtensionService#loadCommonJSModule /usr/share/code/resources/app/extensions/typescript-language-features/dist/extension
[2019-05-07 09:37:13.842] [exthost] [info] ExtensionService#_doActivateExtension vscode.php-language-features {"startup":false,"activationEvent":"onLanguage:php"}
[2019-05-07 09:37:13.842] [exthost] [info] ExtensionService#loadCommonJSModule /usr/share/code/resources/app/extensions/php-language-features/dist/phpMain
[2019-05-07 09:40:21.571] [exthost] [info] ExtensionService#_doActivateExtension vscode.extension-editing {"startup":false,"activationEvent":"onLanguage:typescript"}
[2019-05-07 09:40:21.571] [exthost] [info] ExtensionService#loadCommonJSModule /usr/share/code/resources/app/extensions/extension-editing/dist/extension
[2019-05-07 10:51:13.690] [exthost] [info] ExtensionService#_doActivateExtension vscode.configuration-editing {"startup":false,"activationEvent":"onLanguage:jsonc"}
[2019-05-07 10:51:13.690] [exthost] [info] ExtensionService#loadCommonJSModule /usr/share/code/resources/app/extensions/configuration-editing/dist/extension
[2019-05-07 10:51:13.779] [exthost] [info] ExtensionService#_doActivateExtension vscode.json-language-features {"startup":false,"activationEvent":"onLanguage:jsonc"}
[2019-05-07 10:51:13.779] [exthost] [info] ExtensionService#loadCommonJSModule /usr/share/code/resources/app/extensions/json-language-features/client/dist/jsonMain
[2019-05-07 10:57:09.263] [exthost] [info] ExtensionService#_doActivateExtension ms-vscode.node-debug2 {"startup":false,"activationEvent":"onDebugInitialConfigurations"}
[2019-05-07 10:57:09.263] [exthost] [info] ExtensionService#loadCommonJSModule /usr/share/code/resources/app/extensions/ms-vscode.node-debug2/out/src/extension
[2019-05-07 10:57:09.307] [exthost] [info] ExtensionService#_doActivateExtension ms-vscode.node-debug {"startup":false,"activationEvent":"onDebugInitialConfigurations"}
[2019-05-07 10:57:09.307] [exthost] [info] ExtensionService#loadCommonJSModule /usr/share/code/resources/app/extensions/ms-vscode.node-debug/dist/extension.js
[2019-05-07 10:57:09.510] [exthost] [info] ExtensionService#_doActivateExtension vscode.debug-server-ready {"startup":false,"activationEvent":"onDebugResolve"}
[2019-05-07 10:57:09.510] [exthost] [info] ExtensionService#loadCommonJSModule /usr/share/code/resources/app/extensions/debug-server-ready/dist/extension
[2019-05-07 16:27:31.915] [exthost] [error] [vscode.html-language-features] provider FAILED
[2019-05-07 16:27:32.080] [exthost] [error] Error: Illegal argument: character must be non-negative
	at Object.t.illegalArgument (/usr/share/code/resources/app/out/vs/workbench/services/extensions/node/extensionHostProcess.js:10:414)
	at new p (/usr/share/code/resources/app/out/vs/workbench/services/extensions/node/extensionHostProcess.js:327:948)
	at new p (/usr/share/code/resources/app/out/vs/workbench/services/extensions/node/extensionHostProcess.js:327:254)
	at h (/usr/share/code/resources/app/extensions/html-language-features/client/dist/htmlMain.js:1:176402)
	at f (/usr/share/code/resources/app/extensions/html-language-features/client/dist/htmlMain.js:1:176475)
	at /usr/share/code/resources/app/extensions/html-language-features/client/dist/htmlMain.js:1:177571
	at v (/usr/share/code/resources/app/extensions/html-language-features/client/dist/htmlMain.js:1:177757)
	at Array.map (<anonymous>)
	at asCompletionResult (/usr/share/code/resources/app/extensions/html-language-features/client/dist/htmlMain.js:1:183119)
[2019-05-07 16:27:33.038] [exthost] [error] [vscode.html-language-features] provider FAILED
[2019-05-07 16:27:33.038] [exthost] [error] Error: Illegal argument: character must be non-negative
	at Object.t.illegalArgument (/usr/share/code/resources/app/out/vs/workbench/services/extensions/node/extensionHostProcess.js:10:414)
	at new p (/usr/share/code/resources/app/out/vs/workbench/services/extensions/node/extensionHostProcess.js:327:948)
	at new p (/usr/share/code/resources/app/out/vs/workbench/services/extensions/node/extensionHostProcess.js:327:254)
	at h (/usr/share/code/resources/app/extensions/html-language-features/client/dist/htmlMain.js:1:176402)
	at f (/usr/share/code/resources/app/extensions/html-language-features/client/dist/htmlMain.js:1:176475)
	at /usr/share/code/resources/app/extensions/html-language-features/client/dist/htmlMain.js:1:177571
	at v (/usr/share/code/resources/app/extensions/html-language-features/client/dist/htmlMain.js:1:177757)
	at Array.map (<anonymous>)
	at asCompletionResult (/usr/share/code/resources/app/extensions/html-language-features/client/dist/htmlMain.js:1:183119)
[2019-05-07 16:27:34.531] [exthost] [error] [vscode.html-language-features] provider FAILED
[2019-05-07 16:27:34.531] [exthost] [error] Error: Illegal argument: character must be non-negative
	at Object.t.illegalArgument (/usr/share/code/resources/app/out/vs/workbench/services/extensions/node/extensionHostProcess.js:10:414)
	at new p (/usr/share/code/resources/app/out/vs/workbench/services/extensions/node/extensionHostProcess.js:327:948)
	at new p (/usr/share/code/resources/app/out/vs/workbench/services/extensions/node/extensionHostProcess.js:327:254)
	at h (/usr/share/code/resources/app/extensions/html-language-features/client/dist/htmlMain.js:1:176402)
	at f (/usr/share/code/resources/app/extensions/html-language-features/client/dist/htmlMain.js:1:176475)
	at /usr/share/code/resources/app/extensions/html-language-features/client/dist/htmlMain.js:1:177571
	at v (/usr/share/code/resources/app/extensions/html-language-features/client/dist/htmlMain.js:1:177757)
	at Array.map (<anonymous>)
	at asCompletionResult (/usr/share/code/resources/app/extensions/html-language-features/client/dist/htmlMain.js:1:183119)
[2019-05-07 16:27:35.224] [exthost] [error] [vscode.html-language-features] provider FAILED
[2019-05-07 16:27:35.224] [exthost] [error] Error: Illegal argument: character must be non-negative
	at Object.t.illegalArgument (/usr/share/code/resources/app/out/vs/workbench/services/extensions/node/extensionHostProcess.js:10:414)
	at new p (/usr/share/code/resources/app/out/vs/workbench/services/extensions/node/extensionHostProcess.js:327:948)
	at new p (/usr/share/code/resources/app/out/vs/workbench/services/extensions/node/extensionHostProcess.js:327:254)
	at h (/usr/share/code/resources/app/extensions/html-language-features/client/dist/htmlMain.js:1:176402)
	at f (/usr/share/code/resources/app/extensions/html-language-features/client/dist/htmlMain.js:1:176475)
	at /usr/share/code/resources/app/extensions/html-language-features/client/dist/htmlMain.js:1:177571
	at v (/usr/share/code/resources/app/extensions/html-language-features/client/dist/htmlMain.js:1:177757)
	at Array.map (<anonymous>)
	at asCompletionResult (/usr/share/code/resources/app/extensions/html-language-features/client/dist/htmlMain.js:1:183119)
[2019-05-07 16:27:38.482] [exthost] [error] [vscode.html-language-features] provider FAILED
[2019-05-07 16:27:38.482] [exthost] [error] Error: Illegal argument: character must be non-negative
	at Object.t.illegalArgument (/usr/share/code/resources/app/out/vs/workbench/services/extensions/node/extensionHostProcess.js:10:414)
	at new p (/usr/share/code/resources/app/out/vs/workbench/services/extensions/node/extensionHostProcess.js:327:948)
	at new p (/usr/share/code/resources/app/out/vs/workbench/services/extensions/node/extensionHostProcess.js:327:254)
	at h (/usr/share/code/resources/app/extensions/html-language-features/client/dist/htmlMain.js:1:176402)
	at f (/usr/share/code/resources/app/extensions/html-language-features/client/dist/htmlMain.js:1:176475)
	at /usr/share/code/resources/app/extensions/html-language-features/client/dist/htmlMain.js:1:177571
	at v (/usr/share/code/resources/app/extensions/html-language-features/client/dist/htmlMain.js:1:177757)
	at Array.map (<anonymous>)
	at asCompletionResult (/usr/share/code/resources/app/extensions/html-language-features/client/dist/htmlMain.js:1:183119)
