[2019-05-07 16:22:24.413] [renderer1] [error] Unable to move/copy when source path is equal or parent of target path: Error: Unable to move/copy when source path is equal or parent of target path
    at p.<anonymous> (file:///usr/share/code/resources/app/out/vs/workbench/workbench.main.js:3389:964)
    at Generator.next (<anonymous>)
    at file:///usr/share/code/resources/app/out/vs/workbench/workbench.main.js:32:460
    at new Promise (<anonymous>)
    at n (file:///usr/share/code/resources/app/out/vs/workbench/workbench.main.js:32:237)
    at p.doValidateMoveCopy (file:///usr/share/code/resources/app/out/vs/workbench/workbench.main.js:3389:801)
    at p.<anonymous> (file:///usr/share/code/resources/app/out/vs/workbench/workbench.main.js:3388:193)
    at Generator.next (<anonymous>)
    at file:///usr/share/code/resources/app/out/vs/workbench/workbench.main.js:32:460
    at new Promise (<anonymous>)
    at n (file:///usr/share/code/resources/app/out/vs/workbench/workbench.main.js:32:237)
    at p.doMoveCopy (file:///usr/share/code/resources/app/out/vs/workbench/workbench.main.js:3388:118)
    at p.<anonymous> (file:///usr/share/code/resources/app/out/vs/workbench/workbench.main.js:3387:540)
    at Generator.next (<anonymous>)
    at r (file:///usr/share/code/resources/app/out/vs/workbench/workbench.main.js:32:293)
    at process._tickCallback (internal/process/next_tick.js:68:7)
[2019-05-07 16:27:32.102] [renderer1] [error] Illegal argument: character must be non-negative: Error: Illegal argument: character must be non-negative
	at Object.t.illegalArgument (/usr/share/code/resources/app/out/vs/workbench/services/extensions/node/extensionHostProcess.js:10:414)
	at new p (/usr/share/code/resources/app/out/vs/workbench/services/extensions/node/extensionHostProcess.js:327:948)
	at new p (/usr/share/code/resources/app/out/vs/workbench/services/extensions/node/extensionHostProcess.js:327:254)
	at h (/usr/share/code/resources/app/extensions/html-language-features/client/dist/htmlMain.js:1:176402)
	at f (/usr/share/code/resources/app/extensions/html-language-features/client/dist/htmlMain.js:1:176475)
	at /usr/share/code/resources/app/extensions/html-language-features/client/dist/htmlMain.js:1:177571
	at v (/usr/share/code/resources/app/extensions/html-language-features/client/dist/htmlMain.js:1:177757)
	at Array.map (<anonymous>)
	at asCompletionResult (/usr/share/code/resources/app/extensions/html-language-features/client/dist/htmlMain.js:1:183119)
[2019-05-07 16:27:34.532] [renderer1] [error] Illegal argument: character must be non-negative: Error: Illegal argument: character must be non-negative
	at Object.t.illegalArgument (/usr/share/code/resources/app/out/vs/workbench/services/extensions/node/extensionHostProcess.js:10:414)
	at new p (/usr/share/code/resources/app/out/vs/workbench/services/extensions/node/extensionHostProcess.js:327:948)
	at new p (/usr/share/code/resources/app/out/vs/workbench/services/extensions/node/extensionHostProcess.js:327:254)
	at h (/usr/share/code/resources/app/extensions/html-language-features/client/dist/htmlMain.js:1:176402)
	at f (/usr/share/code/resources/app/extensions/html-language-features/client/dist/htmlMain.js:1:176475)
	at /usr/share/code/resources/app/extensions/html-language-features/client/dist/htmlMain.js:1:177571
	at v (/usr/share/code/resources/app/extensions/html-language-features/client/dist/htmlMain.js:1:177757)
	at Array.map (<anonymous>)
	at asCompletionResult (/usr/share/code/resources/app/extensions/html-language-features/client/dist/htmlMain.js:1:183119)
[2019-05-07 16:27:38.484] [renderer1] [error] Illegal argument: character must be non-negative: Error: Illegal argument: character must be non-negative
	at Object.t.illegalArgument (/usr/share/code/resources/app/out/vs/workbench/services/extensions/node/extensionHostProcess.js:10:414)
	at new p (/usr/share/code/resources/app/out/vs/workbench/services/extensions/node/extensionHostProcess.js:327:948)
	at new p (/usr/share/code/resources/app/out/vs/workbench/services/extensions/node/extensionHostProcess.js:327:254)
	at h (/usr/share/code/resources/app/extensions/html-language-features/client/dist/htmlMain.js:1:176402)
	at f (/usr/share/code/resources/app/extensions/html-language-features/client/dist/htmlMain.js:1:176475)
	at /usr/share/code/resources/app/extensions/html-language-features/client/dist/htmlMain.js:1:177571
	at v (/usr/share/code/resources/app/extensions/html-language-features/client/dist/htmlMain.js:1:177757)
	at Array.map (<anonymous>)
	at asCompletionResult (/usr/share/code/resources/app/extensions/html-language-features/client/dist/htmlMain.js:1:183119)
[2019-05-07 17:20:26.478] [renderer1] [error] Unable to move/copy when source path is equal or parent of target path: Error: Unable to move/copy when source path is equal or parent of target path
    at p.<anonymous> (file:///usr/share/code/resources/app/out/vs/workbench/workbench.main.js:3389:964)
    at Generator.next (<anonymous>)
    at file:///usr/share/code/resources/app/out/vs/workbench/workbench.main.js:32:460
    at new Promise (<anonymous>)
    at n (file:///usr/share/code/resources/app/out/vs/workbench/workbench.main.js:32:237)
    at p.doValidateMoveCopy (file:///usr/share/code/resources/app/out/vs/workbench/workbench.main.js:3389:801)
    at p.<anonymous> (file:///usr/share/code/resources/app/out/vs/workbench/workbench.main.js:3388:193)
    at Generator.next (<anonymous>)
    at file:///usr/share/code/resources/app/out/vs/workbench/workbench.main.js:32:460
    at new Promise (<anonymous>)
    at n (file:///usr/share/code/resources/app/out/vs/workbench/workbench.main.js:32:237)
    at p.doMoveCopy (file:///usr/share/code/resources/app/out/vs/workbench/workbench.main.js:3388:118)
    at p.<anonymous> (file:///usr/share/code/resources/app/out/vs/workbench/workbench.main.js:3387:540)
    at Generator.next (<anonymous>)
    at r (file:///usr/share/code/resources/app/out/vs/workbench/workbench.main.js:32:293)
    at process._tickCallback (internal/process/next_tick.js:68:7)
[2019-05-07 17:23:43.853] [renderer1] [error] Unable to move/copy when source path is equal or parent of target path: Error: Unable to move/copy when source path is equal or parent of target path
    at p.<anonymous> (file:///usr/share/code/resources/app/out/vs/workbench/workbench.main.js:3389:964)
    at Generator.next (<anonymous>)
    at file:///usr/share/code/resources/app/out/vs/workbench/workbench.main.js:32:460
    at new Promise (<anonymous>)
    at n (file:///usr/share/code/resources/app/out/vs/workbench/workbench.main.js:32:237)
    at p.doValidateMoveCopy (file:///usr/share/code/resources/app/out/vs/workbench/workbench.main.js:3389:801)
    at p.<anonymous> (file:///usr/share/code/resources/app/out/vs/workbench/workbench.main.js:3388:193)
    at Generator.next (<anonymous>)
    at file:///usr/share/code/resources/app/out/vs/workbench/workbench.main.js:32:460
    at new Promise (<anonymous>)
    at n (file:///usr/share/code/resources/app/out/vs/workbench/workbench.main.js:32:237)
    at p.doMoveCopy (file:///usr/share/code/resources/app/out/vs/workbench/workbench.main.js:3388:118)
    at p.<anonymous> (file:///usr/share/code/resources/app/out/vs/workbench/workbench.main.js:3387:540)
    at Generator.next (<anonymous>)
    at r (file:///usr/share/code/resources/app/out/vs/workbench/workbench.main.js:32:293)
    at process._tickCallback (internal/process/next_tick.js:68:7)
[2019-05-07 17:26:05.312] [renderer1] [error] Unable to move/copy when source path is equal or parent of target path: Error: Unable to move/copy when source path is equal or parent of target path
    at p.<anonymous> (file:///usr/share/code/resources/app/out/vs/workbench/workbench.main.js:3389:964)
    at Generator.next (<anonymous>)
    at file:///usr/share/code/resources/app/out/vs/workbench/workbench.main.js:32:460
    at new Promise (<anonymous>)
    at n (file:///usr/share/code/resources/app/out/vs/workbench/workbench.main.js:32:237)
    at p.doValidateMoveCopy (file:///usr/share/code/resources/app/out/vs/workbench/workbench.main.js:3389:801)
    at p.<anonymous> (file:///usr/share/code/resources/app/out/vs/workbench/workbench.main.js:3388:193)
    at Generator.next (<anonymous>)
    at file:///usr/share/code/resources/app/out/vs/workbench/workbench.main.js:32:460
    at new Promise (<anonymous>)
    at n (file:///usr/share/code/resources/app/out/vs/workbench/workbench.main.js:32:237)
    at p.doMoveCopy (file:///usr/share/code/resources/app/out/vs/workbench/workbench.main.js:3388:118)
    at p.<anonymous> (file:///usr/share/code/resources/app/out/vs/workbench/workbench.main.js:3387:540)
    at Generator.next (<anonymous>)
    at r (file:///usr/share/code/resources/app/out/vs/workbench/workbench.main.js:32:293)
    at process._tickCallback (internal/process/next_tick.js:68:7)
[2019-05-07 17:27:18.260] [renderer1] [error] Unable to move/copy when source path is equal or parent of target path: Error: Unable to move/copy when source path is equal or parent of target path
    at p.<anonymous> (file:///usr/share/code/resources/app/out/vs/workbench/workbench.main.js:3389:964)
    at Generator.next (<anonymous>)
    at file:///usr/share/code/resources/app/out/vs/workbench/workbench.main.js:32:460
    at new Promise (<anonymous>)
    at n (file:///usr/share/code/resources/app/out/vs/workbench/workbench.main.js:32:237)
    at p.doValidateMoveCopy (file:///usr/share/code/resources/app/out/vs/workbench/workbench.main.js:3389:801)
    at p.<anonymous> (file:///usr/share/code/resources/app/out/vs/workbench/workbench.main.js:3388:193)
    at Generator.next (<anonymous>)
    at file:///usr/share/code/resources/app/out/vs/workbench/workbench.main.js:32:460
    at new Promise (<anonymous>)
    at n (file:///usr/share/code/resources/app/out/vs/workbench/workbench.main.js:32:237)
    at p.doMoveCopy (file:///usr/share/code/resources/app/out/vs/workbench/workbench.main.js:3388:118)
    at p.<anonymous> (file:///usr/share/code/resources/app/out/vs/workbench/workbench.main.js:3387:540)
    at Generator.next (<anonymous>)
    at r (file:///usr/share/code/resources/app/out/vs/workbench/workbench.main.js:32:293)
    at process._tickCallback (internal/process/next_tick.js:68:7)
[2019-05-07 17:28:03.729] [renderer1] [error] Unable to move/copy when source path is equal or parent of target path: Error: Unable to move/copy when source path is equal or parent of target path
    at p.<anonymous> (file:///usr/share/code/resources/app/out/vs/workbench/workbench.main.js:3389:964)
    at Generator.next (<anonymous>)
    at file:///usr/share/code/resources/app/out/vs/workbench/workbench.main.js:32:460
    at new Promise (<anonymous>)
    at n (file:///usr/share/code/resources/app/out/vs/workbench/workbench.main.js:32:237)
    at p.doValidateMoveCopy (file:///usr/share/code/resources/app/out/vs/workbench/workbench.main.js:3389:801)
    at p.<anonymous> (file:///usr/share/code/resources/app/out/vs/workbench/workbench.main.js:3388:193)
    at Generator.next (<anonymous>)
    at file:///usr/share/code/resources/app/out/vs/workbench/workbench.main.js:32:460
    at new Promise (<anonymous>)
    at n (file:///usr/share/code/resources/app/out/vs/workbench/workbench.main.js:32:237)
    at p.doMoveCopy (file:///usr/share/code/resources/app/out/vs/workbench/workbench.main.js:3388:118)
    at p.<anonymous> (file:///usr/share/code/resources/app/out/vs/workbench/workbench.main.js:3387:540)
    at Generator.next (<anonymous>)
    at r (file:///usr/share/code/resources/app/out/vs/workbench/workbench.main.js:32:293)
    at process._tickCallback (internal/process/next_tick.js:68:7)
[2019-05-07 17:31:02.652] [renderer1] [error] Unable to move/copy when source path is equal or parent of target path: Error: Unable to move/copy when source path is equal or parent of target path
    at p.<anonymous> (file:///usr/share/code/resources/app/out/vs/workbench/workbench.main.js:3389:964)
    at Generator.next (<anonymous>)
    at file:///usr/share/code/resources/app/out/vs/workbench/workbench.main.js:32:460
    at new Promise (<anonymous>)
    at n (file:///usr/share/code/resources/app/out/vs/workbench/workbench.main.js:32:237)
    at p.doValidateMoveCopy (file:///usr/share/code/resources/app/out/vs/workbench/workbench.main.js:3389:801)
    at p.<anonymous> (file:///usr/share/code/resources/app/out/vs/workbench/workbench.main.js:3388:193)
    at Generator.next (<anonymous>)
    at file:///usr/share/code/resources/app/out/vs/workbench/workbench.main.js:32:460
    at new Promise (<anonymous>)
    at n (file:///usr/share/code/resources/app/out/vs/workbench/workbench.main.js:32:237)
    at p.doMoveCopy (file:///usr/share/code/resources/app/out/vs/workbench/workbench.main.js:3388:118)
    at p.<anonymous> (file:///usr/share/code/resources/app/out/vs/workbench/workbench.main.js:3387:540)
    at Generator.next (<anonymous>)
    at r (file:///usr/share/code/resources/app/out/vs/workbench/workbench.main.js:32:293)
    at process._tickCallback (internal/process/next_tick.js:68:7)
[2019-05-07 17:31:18.785] [renderer1] [error] Unable to move/copy when source path is equal or parent of target path: Error: Unable to move/copy when source path is equal or parent of target path
    at p.<anonymous> (file:///usr/share/code/resources/app/out/vs/workbench/workbench.main.js:3389:964)
    at Generator.next (<anonymous>)
    at file:///usr/share/code/resources/app/out/vs/workbench/workbench.main.js:32:460
    at new Promise (<anonymous>)
    at n (file:///usr/share/code/resources/app/out/vs/workbench/workbench.main.js:32:237)
    at p.doValidateMoveCopy (file:///usr/share/code/resources/app/out/vs/workbench/workbench.main.js:3389:801)
    at p.<anonymous> (file:///usr/share/code/resources/app/out/vs/workbench/workbench.main.js:3388:193)
    at Generator.next (<anonymous>)
    at file:///usr/share/code/resources/app/out/vs/workbench/workbench.main.js:32:460
    at new Promise (<anonymous>)
    at n (file:///usr/share/code/resources/app/out/vs/workbench/workbench.main.js:32:237)
    at p.doMoveCopy (file:///usr/share/code/resources/app/out/vs/workbench/workbench.main.js:3388:118)
    at p.<anonymous> (file:///usr/share/code/resources/app/out/vs/workbench/workbench.main.js:3387:540)
    at Generator.next (<anonymous>)
    at r (file:///usr/share/code/resources/app/out/vs/workbench/workbench.main.js:32:293)
    at process._tickCallback (internal/process/next_tick.js:68:7)
